[debug] [2025-02-05T11:50:38.141Z] ----------------------------------------------------------------------
[debug] [2025-02-05T11:50:38.147Z] Command:       D:\Progamas\Node\node.exe C:\Users\Bagre\AppData\Roaming\npm\node_modules\firebase-tools\lib\bin\firebase.js init functions
[debug] [2025-02-05T11:50:38.147Z] CLI Version:   13.29.3
[debug] [2025-02-05T11:50:38.147Z] Platform:      win32
[debug] [2025-02-05T11:50:38.147Z] Node Version:  v22.11.0
[debug] [2025-02-05T11:50:38.148Z] Time:          Wed Feb 05 2025 08:50:38 GMT-0300 (Horário Padrão de Brasília)
[debug] [2025-02-05T11:50:38.148Z] ----------------------------------------------------------------------
[debug] 
[debug] [2025-02-05T11:50:38.171Z] >>> [apiv2][query] GET https://firebase-public.firebaseio.com/cli.json [none]
[debug] [2025-02-05T11:50:38.611Z] > command requires scopes: ["email","openid","https://www.googleapis.com/auth/cloudplatformprojects.readonly","https://www.googleapis.com/auth/firebase","https://www.googleapis.com/auth/cloud-platform"]
[debug] [2025-02-05T11:50:38.612Z] > authorizing via signed-in user (santosairton31508@gmail.com)
[info] 
     ######## #### ########  ######## ########     ###     ######  ########
     ##        ##  ##     ## ##       ##     ##  ##   ##  ##       ##
     ######    ##  ########  ######   ########  #########  ######  ######
     ##        ##  ##    ##  ##       ##     ## ##     ##       ## ##
     ##       #### ##     ## ######## ########  ##     ##  ######  ########

You're about to initialize a Firebase project in this directory:

  D:\Projetos\TestesProjects\FocusFLow3.0

Before we get started, keep in mind:

  * You are initializing within an existing Firebase project directory

[info] 
=== Project Setup
[info] 
[info] First, let's associate this project directory with a Firebase project.
[info] You can create multiple project aliases by running firebase use --add, 
[info] but for now we'll just set up a default project.
[info] 
[debug] [2025-02-05T11:50:38.650Z] Using project from CLI flag: focusflow-43e1a
[debug] [2025-02-05T11:50:38.651Z] Checked if tokens are valid: false, expires at: 1738672898434
[debug] [2025-02-05T11:50:38.651Z] Checked if tokens are valid: false, expires at: 1738672898434
[debug] [2025-02-05T11:50:38.652Z] > refreshing access token with scopes: []
[debug] [2025-02-05T11:50:38.654Z] >>> [apiv2][query] POST https://www.googleapis.com/oauth2/v3/token [none]
[debug] [2025-02-05T11:50:38.654Z] >>> [apiv2][body] POST https://www.googleapis.com/oauth2/v3/token [omitted]
[debug] [2025-02-05T11:50:38.937Z] <<< [apiv2][status] POST https://www.googleapis.com/oauth2/v3/token 200
[debug] [2025-02-05T11:50:38.938Z] <<< [apiv2][body] POST https://www.googleapis.com/oauth2/v3/token [omitted]
[debug] [2025-02-05T11:50:38.977Z] >>> [apiv2][query] GET https://firebase.googleapis.com/v1beta1/projects/focusflow-43e1a [none]
[debug] [2025-02-05T11:50:39.044Z] <<< [apiv2][status] GET https://firebase-public.firebaseio.com/cli.json 200
[debug] [2025-02-05T11:50:39.044Z] <<< [apiv2][body] GET https://firebase-public.firebaseio.com/cli.json {"cloudBuildErrorAfter":1594252800000,"cloudBuildWarnAfter":1590019200000,"defaultNode10After":1594252800000,"minVersion":"3.0.5","node8DeploysDisabledAfter":1613390400000,"node8RuntimeDisabledAfter":1615809600000,"node8WarnAfter":1600128000000}
[debug] [2025-02-05T11:50:39.469Z] <<< [apiv2][status] GET https://firebase.googleapis.com/v1beta1/projects/focusflow-43e1a 200
[debug] [2025-02-05T11:50:39.469Z] <<< [apiv2][body] GET https://firebase.googleapis.com/v1beta1/projects/focusflow-43e1a {"projectId":"focusflow-43e1a","projectNumber":"690461926461","displayName":"FocusFlow","name":"projects/focusflow-43e1a","resources":{"hostingSite":"focusflow-43e1a"},"state":"ACTIVE","etag":"1_44f2bf1c-c8cc-4f87-b4e1-f767f4df70d7"}
[info] i  Using project focusflow-43e1a (FocusFlow) 
[info] 
=== Functions Setup
[debug] [2025-02-05T11:50:39.491Z] > command requires scopes: ["email","openid","https://www.googleapis.com/auth/cloudplatformprojects.readonly","https://www.googleapis.com/auth/firebase","https://www.googleapis.com/auth/cloud-platform"]
[debug] [2025-02-05T11:50:39.491Z] > authorizing via signed-in user (santosairton31508@gmail.com)
[debug] [2025-02-05T11:50:39.491Z] [iam] checking project focusflow-43e1a for permissions ["firebase.projects.get"]
[debug] [2025-02-05T11:50:39.492Z] Checked if tokens are valid: true, expires at: 1738759837938
[debug] [2025-02-05T11:50:39.492Z] Checked if tokens are valid: true, expires at: 1738759837938
[debug] [2025-02-05T11:50:39.492Z] >>> [apiv2][query] POST https://cloudresourcemanager.googleapis.com/v1/projects/focusflow-43e1a:testIamPermissions [none]
[debug] [2025-02-05T11:50:39.492Z] >>> [apiv2][(partial)header] POST https://cloudresourcemanager.googleapis.com/v1/projects/focusflow-43e1a:testIamPermissions x-goog-quota-user=projects/focusflow-43e1a
[debug] [2025-02-05T11:50:39.492Z] >>> [apiv2][body] POST https://cloudresourcemanager.googleapis.com/v1/projects/focusflow-43e1a:testIamPermissions {"permissions":["firebase.projects.get"]}
[debug] [2025-02-05T11:50:40.504Z] <<< [apiv2][status] POST https://cloudresourcemanager.googleapis.com/v1/projects/focusflow-43e1a:testIamPermissions 200
[debug] [2025-02-05T11:50:40.504Z] <<< [apiv2][body] POST https://cloudresourcemanager.googleapis.com/v1/projects/focusflow-43e1a:testIamPermissions {"permissions":["firebase.projects.get"]}
[debug] [2025-02-05T11:50:40.504Z] Checked if tokens are valid: true, expires at: 1738759837938
[debug] [2025-02-05T11:50:40.504Z] Checked if tokens are valid: true, expires at: 1738759837938
[debug] [2025-02-05T11:50:40.505Z] Checked if tokens are valid: true, expires at: 1738759837938
[debug] [2025-02-05T11:50:40.505Z] Checked if tokens are valid: true, expires at: 1738759837938
[debug] [2025-02-05T11:50:40.505Z] >>> [apiv2][query] GET https://serviceusage.googleapis.com/v1/projects/focusflow-43e1a/services/cloudfunctions.googleapis.com [none]
[debug] [2025-02-05T11:50:40.505Z] >>> [apiv2][(partial)header] GET https://serviceusage.googleapis.com/v1/projects/focusflow-43e1a/services/cloudfunctions.googleapis.com x-goog-quota-user=projects/focusflow-43e1a
[debug] [2025-02-05T11:50:40.506Z] >>> [apiv2][query] GET https://serviceusage.googleapis.com/v1/projects/focusflow-43e1a/services/runtimeconfig.googleapis.com [none]
[debug] [2025-02-05T11:50:40.506Z] >>> [apiv2][(partial)header] GET https://serviceusage.googleapis.com/v1/projects/focusflow-43e1a/services/runtimeconfig.googleapis.com x-goog-quota-user=projects/focusflow-43e1a
[debug] [2025-02-05T11:50:41.691Z] <<< [apiv2][status] GET https://serviceusage.googleapis.com/v1/projects/focusflow-43e1a/services/cloudfunctions.googleapis.com 200
[debug] [2025-02-05T11:50:41.691Z] <<< [apiv2][body] GET https://serviceusage.googleapis.com/v1/projects/focusflow-43e1a/services/cloudfunctions.googleapis.com [omitted]
[debug] [2025-02-05T11:50:41.692Z] <<< [apiv2][status] GET https://serviceusage.googleapis.com/v1/projects/focusflow-43e1a/services/runtimeconfig.googleapis.com 200
[debug] [2025-02-05T11:50:41.692Z] <<< [apiv2][body] GET https://serviceusage.googleapis.com/v1/projects/focusflow-43e1a/services/runtimeconfig.googleapis.com [omitted]
[info] 
Detected existing codebase(s): default

[info] Let's create a new codebase for your functions.
[info] A directory corresponding to the codebase will be created in your project
[info] with sample code pre-configured.

[info] See https://firebase.google.com/docs/functions/organize-functions for
[info] more information on organizing your functions using codebases.

[info] Functions can be deployed with firebase deploy.

[error] Invalid codebase name. Codebase must be less than 64 characters and can contain only lowercase letters, numeric characters, underscores, and dashes.
[error] Invalid codebase name. Codebase must be less than 64 characters and can contain only lowercase letters, numeric characters, underscores, and dashes.
